8/23/2017 7:55:34 AM, Info: Initializing SIMPLSharp Services...
8/23/2017 7:55:34 AM, Info: ProjectInfo successfully initialized.
8/23/2017 10:31:25 AM, Info: Saving project information...
8/23/2017 10:31:25 AM, Info: Saving project information...
8/23/2017 10:31:25 AM, Info: Saving project information...
8/23/2017 10:31:25 AM, Info: Saving project information...
8/23/2017 10:31:25 AM, Info: Saving project information...
8/23/2017 10:31:25 AM, Info: Saving project information...
8/23/2017 11:47:14 AM, Info: Saving project information...
8/23/2017 11:47:14 AM, Info: Saving project information...
8/23/2017 11:47:14 AM, Info: Saving project information...
8/23/2017 11:47:14 AM, Info: Saving project information...
8/23/2017 11:47:14 AM, Info: Saving project information...
8/23/2017 11:47:14 AM, Info: Saving project information...
8/23/2017 11:52:58 AM, Info: Saving project information...
8/23/2017 11:52:58 AM, Info: Saving project information...
8/23/2017 11:52:58 AM, Info: Saving project information...
8/23/2017 11:54:25 AM, Info: Saving project information...
8/23/2017 11:54:25 AM, Info: Saving project information...
8/23/2017 11:54:25 AM, Info: Saving project information...
8/23/2017 11:54:25 AM, Info: Saving project information...
8/23/2017 11:54:25 AM, Info: Saving project information...
8/23/2017 11:54:25 AM, Info: Saving project information...
8/23/2017 12:02:58 PM, Info: Saving project information...
8/23/2017 12:02:58 PM, Info: Saving project information...
8/23/2017 12:02:58 PM, Info: Saving project information...
8/23/2017 12:03:00 PM, Info: Saving project information...
8/23/2017 12:03:00 PM, Info: Saving project information...
8/23/2017 12:03:00 PM, Info: Saving project information...
8/23/2017 12:03:00 PM, Info: Saving project information...
8/23/2017 12:03:00 PM, Info: Saving project information...
8/23/2017 12:03:00 PM, Info: Saving project information...
8/23/2017 3:16:33 PM, Info: Terminating SIMPLSharp Services
