8/18/2017 11:15:50 AM, Info: Initializing SIMPLSharp Services...
8/18/2017 11:15:51 AM, Info: ProjectInfo successfully initialized.
8/18/2017 11:18:44 AM, Info: Saving project information...
8/18/2017 11:18:44 AM, Info: Saving project information...
8/18/2017 11:18:44 AM, Info: Saving project information...
8/18/2017 11:38:52 AM, Info: Saving project information...
8/18/2017 11:38:52 AM, Info: Saving project information...
8/18/2017 11:38:52 AM, Info: Saving project information...
8/18/2017 11:38:52 AM, Info: Saving project information...
8/18/2017 11:38:52 AM, Info: Saving project information...
8/18/2017 11:38:52 AM, Info: Saving project information...
8/18/2017 2:23:13 PM, Info: Saving project information...
8/18/2017 2:23:13 PM, Info: Saving project information...
8/18/2017 2:23:13 PM, Info: Saving project information...
8/18/2017 2:23:58 PM, Info: Saving project information...
8/18/2017 2:23:58 PM, Info: Saving project information...
8/18/2017 2:23:58 PM, Info: Saving project information...
8/18/2017 2:23:58 PM, Info: Saving project information...
8/18/2017 2:23:58 PM, Info: Saving project information...
8/18/2017 2:23:58 PM, Info: Saving project information...
8/18/2017 6:09:51 PM, Info: Terminating SIMPLSharp Services
