9/15/2017 11:27:02 AM, Info: Initializing SIMPLSharp Services...
9/15/2017 11:27:02 AM, Info: ProjectInfo successfully initialized.
9/15/2017 11:27:33 AM, Info: Validating assembly C:\Bret SubervsionCode\vscode_crestron_code\S-100_ClassroomTemplate\S-100_Template\S-100_Template\bin\Debug\S-100_Template.dll...
9/15/2017 11:27:33 AM, Info: Verifying assembly C:\Bret SubervsionCode\vscode_crestron_code\S-100_ClassroomTemplate\S-100_Template\S-100_Template\bin\Debug\S-100_Template.dll
9/15/2017 11:27:33 AM, Info: Creating Archive C:\Bret SubervsionCode\vscode_crestron_code\S-100_ClassroomTemplate\S-100_Template\S-100_Template\bin\Debug\S-100_Template.cpz...
9/15/2017 11:27:34 AM, Info: Saving project information...
9/15/2017 11:50:02 AM, Info: Validating assembly C:\Bret SubervsionCode\vscode_crestron_code\S-100_ClassroomTemplate\S-100_Template\S-100_Template\bin\Debug\S-100_Template.dll...
9/15/2017 11:50:03 AM, Info: Verifying assembly C:\Bret SubervsionCode\vscode_crestron_code\S-100_ClassroomTemplate\S-100_Template\S-100_Template\bin\Debug\S-100_Template.dll
9/15/2017 11:50:03 AM, Info: Creating Archive C:\Bret SubervsionCode\vscode_crestron_code\S-100_ClassroomTemplate\S-100_Template\S-100_Template\bin\Debug\S-100_Template.cpz...
9/15/2017 11:50:03 AM, Info: Saving project information...
9/15/2017 12:13:15 PM, Info: Validating assembly C:\Bret SubervsionCode\vscode_crestron_code\S-100_ClassroomTemplate\S-100_Template\S-100_Template\bin\Debug\S-100_Template.dll...
9/15/2017 12:13:15 PM, Info: Verifying assembly C:\Bret SubervsionCode\vscode_crestron_code\S-100_ClassroomTemplate\S-100_Template\S-100_Template\bin\Debug\S-100_Template.dll
9/15/2017 12:13:15 PM, Info: Creating Archive C:\Bret SubervsionCode\vscode_crestron_code\S-100_ClassroomTemplate\S-100_Template\S-100_Template\bin\Debug\S-100_Template.cpz...
9/15/2017 12:13:16 PM, Info: Saving project information...
9/15/2017 12:15:32 PM, Info: Validating assembly C:\Bret SubervsionCode\vscode_crestron_code\S-100_ClassroomTemplate\S-100_Template\S-100_Template\bin\Debug\S-100_Template.dll...
9/15/2017 12:15:33 PM, Info: Verifying assembly C:\Bret SubervsionCode\vscode_crestron_code\S-100_ClassroomTemplate\S-100_Template\S-100_Template\bin\Debug\S-100_Template.dll
9/15/2017 12:15:33 PM, Info: Creating Archive C:\Bret SubervsionCode\vscode_crestron_code\S-100_ClassroomTemplate\S-100_Template\S-100_Template\bin\Debug\S-100_Template.cpz...
9/15/2017 12:15:33 PM, Info: Saving project information...
9/15/2017 12:24:07 PM, Info: Validating assembly C:\Bret SubervsionCode\vscode_crestron_code\S-100_ClassroomTemplate\S-100_Template\S-100_Template\bin\Debug\S-100_Template.dll...
9/15/2017 12:24:08 PM, Info: Verifying assembly C:\Bret SubervsionCode\vscode_crestron_code\S-100_ClassroomTemplate\S-100_Template\S-100_Template\bin\Debug\S-100_Template.dll
9/15/2017 12:24:08 PM, Info: Creating Archive C:\Bret SubervsionCode\vscode_crestron_code\S-100_ClassroomTemplate\S-100_Template\S-100_Template\bin\Debug\S-100_Template.cpz...
9/15/2017 12:24:08 PM, Info: Saving project information...
9/15/2017 1:04:15 PM, Info: Validating assembly C:\Bret SubervsionCode\vscode_crestron_code\S-100_ClassroomTemplate\S-100_Template\S-100_Template\bin\Debug\S-100_Template.dll...
9/15/2017 1:04:15 PM, Info: Verifying assembly C:\Bret SubervsionCode\vscode_crestron_code\S-100_ClassroomTemplate\S-100_Template\S-100_Template\bin\Debug\S-100_Template.dll
9/15/2017 1:04:15 PM, Info: Creating Archive C:\Bret SubervsionCode\vscode_crestron_code\S-100_ClassroomTemplate\S-100_Template\S-100_Template\bin\Debug\S-100_Template.cpz...
9/15/2017 1:04:16 PM, Info: Saving project information...
9/15/2017 1:10:09 PM, Info: Validating assembly C:\Bret SubervsionCode\vscode_crestron_code\S-100_ClassroomTemplate\S-100_Template\S-100_Template\bin\Debug\S-100_Template.dll...
9/15/2017 1:10:09 PM, Info: Verifying assembly C:\Bret SubervsionCode\vscode_crestron_code\S-100_ClassroomTemplate\S-100_Template\S-100_Template\bin\Debug\S-100_Template.dll
9/15/2017 1:10:09 PM, Info: Creating Archive C:\Bret SubervsionCode\vscode_crestron_code\S-100_ClassroomTemplate\S-100_Template\S-100_Template\bin\Debug\S-100_Template.cpz...
9/15/2017 1:10:10 PM, Info: Saving project information...
9/15/2017 1:13:19 PM, Info: Validating assembly C:\Bret SubervsionCode\vscode_crestron_code\S-100_ClassroomTemplate\S-100_Template\S-100_Template\bin\Debug\S-100_Template.dll...
9/15/2017 1:13:19 PM, Info: Verifying assembly C:\Bret SubervsionCode\vscode_crestron_code\S-100_ClassroomTemplate\S-100_Template\S-100_Template\bin\Debug\S-100_Template.dll
9/15/2017 1:13:19 PM, Info: Creating Archive C:\Bret SubervsionCode\vscode_crestron_code\S-100_ClassroomTemplate\S-100_Template\S-100_Template\bin\Debug\S-100_Template.cpz...
9/15/2017 1:13:20 PM, Info: Saving project information...
9/15/2017 1:28:40 PM, Info: Validating assembly C:\Bret SubervsionCode\vscode_crestron_code\S-100_ClassroomTemplate\S-100_Template\S-100_Template\bin\Debug\S-100_Template.dll...
9/15/2017 1:28:40 PM, Info: Verifying assembly C:\Bret SubervsionCode\vscode_crestron_code\S-100_ClassroomTemplate\S-100_Template\S-100_Template\bin\Debug\S-100_Template.dll
9/15/2017 1:28:40 PM, Info: Creating Archive C:\Bret SubervsionCode\vscode_crestron_code\S-100_ClassroomTemplate\S-100_Template\S-100_Template\bin\Debug\S-100_Template.cpz...
9/15/2017 1:28:41 PM, Info: Saving project information...
9/15/2017 2:52:06 PM, Info: Validating assembly C:\Bret SubervsionCode\vscode_crestron_code\S-100_ClassroomTemplate\S-100_Template\S-100_Template\bin\Debug\S-100_Template.dll...
9/15/2017 2:52:07 PM, Info: Verifying assembly C:\Bret SubervsionCode\vscode_crestron_code\S-100_ClassroomTemplate\S-100_Template\S-100_Template\bin\Debug\S-100_Template.dll
9/15/2017 2:52:07 PM, Info: Creating Archive C:\Bret SubervsionCode\vscode_crestron_code\S-100_ClassroomTemplate\S-100_Template\S-100_Template\bin\Debug\S-100_Template.cpz...
9/15/2017 2:52:07 PM, Info: Saving project information...
9/15/2017 2:57:06 PM, Info: Validating assembly C:\Bret SubervsionCode\vscode_crestron_code\S-100_ClassroomTemplate\S-100_Template\S-100_Template\bin\Debug\S-100_Template.dll...
9/15/2017 2:57:06 PM, Info: Verifying assembly C:\Bret SubervsionCode\vscode_crestron_code\S-100_ClassroomTemplate\S-100_Template\S-100_Template\bin\Debug\S-100_Template.dll
9/15/2017 2:57:06 PM, Info: Creating Archive C:\Bret SubervsionCode\vscode_crestron_code\S-100_ClassroomTemplate\S-100_Template\S-100_Template\bin\Debug\S-100_Template.cpz...
9/15/2017 2:57:07 PM, Info: Saving project information...
9/15/2017 2:59:41 PM, Info: Validating assembly C:\Bret SubervsionCode\vscode_crestron_code\S-100_ClassroomTemplate\S-100_Template\S-100_Template\bin\Debug\S-100_Template.dll...
9/15/2017 2:59:41 PM, Info: Verifying assembly C:\Bret SubervsionCode\vscode_crestron_code\S-100_ClassroomTemplate\S-100_Template\S-100_Template\bin\Debug\S-100_Template.dll
9/15/2017 2:59:41 PM, Info: Creating Archive C:\Bret SubervsionCode\vscode_crestron_code\S-100_ClassroomTemplate\S-100_Template\S-100_Template\bin\Debug\S-100_Template.cpz...
9/15/2017 2:59:42 PM, Info: Saving project information...
9/15/2017 3:12:34 PM, Info: Validating assembly C:\Bret SubervsionCode\vscode_crestron_code\S-100_ClassroomTemplate\S-100_Template\S-100_Template\bin\Debug\S-100_Template.dll...
9/15/2017 3:12:34 PM, Info: Verifying assembly C:\Bret SubervsionCode\vscode_crestron_code\S-100_ClassroomTemplate\S-100_Template\S-100_Template\bin\Debug\S-100_Template.dll
9/15/2017 3:12:34 PM, Info: Creating Archive C:\Bret SubervsionCode\vscode_crestron_code\S-100_ClassroomTemplate\S-100_Template\S-100_Template\bin\Debug\S-100_Template.cpz...
9/15/2017 3:12:35 PM, Info: Saving project information...
9/15/2017 3:22:25 PM, Info: Validating assembly C:\Bret SubervsionCode\vscode_crestron_code\S-100_ClassroomTemplate\S-100_Template\S-100_Template\bin\Debug\S-100_Template.dll...
9/15/2017 3:22:25 PM, Info: Verifying assembly C:\Bret SubervsionCode\vscode_crestron_code\S-100_ClassroomTemplate\S-100_Template\S-100_Template\bin\Debug\S-100_Template.dll
9/15/2017 3:22:25 PM, Info: Creating Archive C:\Bret SubervsionCode\vscode_crestron_code\S-100_ClassroomTemplate\S-100_Template\S-100_Template\bin\Debug\S-100_Template.cpz...
9/15/2017 3:22:26 PM, Info: Saving project information...
9/15/2017 3:25:39 PM, Info: Validating assembly C:\Bret SubervsionCode\vscode_crestron_code\S-100_ClassroomTemplate\S-100_Template\S-100_Template\bin\Debug\S-100_Template.dll...
9/15/2017 3:25:39 PM, Info: Verifying assembly C:\Bret SubervsionCode\vscode_crestron_code\S-100_ClassroomTemplate\S-100_Template\S-100_Template\bin\Debug\S-100_Template.dll
9/15/2017 3:25:39 PM, Info: Creating Archive C:\Bret SubervsionCode\vscode_crestron_code\S-100_ClassroomTemplate\S-100_Template\S-100_Template\bin\Debug\S-100_Template.cpz...
9/15/2017 3:25:40 PM, Info: Saving project information...
9/15/2017 3:52:37 PM, Info: Validating assembly C:\Bret SubervsionCode\vscode_crestron_code\S-100_ClassroomTemplate\S-100_Template\S-100_Template\bin\Debug\S-100_Template.dll...
9/15/2017 3:52:38 PM, Info: Verifying assembly C:\Bret SubervsionCode\vscode_crestron_code\S-100_ClassroomTemplate\S-100_Template\S-100_Template\bin\Debug\S-100_Template.dll
9/15/2017 3:52:38 PM, Info: Creating Archive C:\Bret SubervsionCode\vscode_crestron_code\S-100_ClassroomTemplate\S-100_Template\S-100_Template\bin\Debug\S-100_Template.cpz...
9/15/2017 3:52:38 PM, Info: Saving project information...
9/15/2017 4:08:58 PM, Info: Validating assembly C:\Bret SubervsionCode\vscode_crestron_code\S-100_ClassroomTemplate\S-100_Template\S-100_Template\bin\Debug\S-100_Template.dll...
9/15/2017 4:08:59 PM, Info: Verifying assembly C:\Bret SubervsionCode\vscode_crestron_code\S-100_ClassroomTemplate\S-100_Template\S-100_Template\bin\Debug\S-100_Template.dll
9/15/2017 4:08:59 PM, Info: Creating Archive C:\Bret SubervsionCode\vscode_crestron_code\S-100_ClassroomTemplate\S-100_Template\S-100_Template\bin\Debug\S-100_Template.cpz...
9/15/2017 4:08:59 PM, Info: Saving project information...
9/15/2017 4:09:03 PM, Info: Validating assembly C:\Bret SubervsionCode\vscode_crestron_code\S-100_ClassroomTemplate\S-100_Template\S-100_Template\bin\Debug\S-100_Template.dll...
9/15/2017 4:09:04 PM, Info: Verifying assembly C:\Bret SubervsionCode\vscode_crestron_code\S-100_ClassroomTemplate\S-100_Template\S-100_Template\bin\Debug\S-100_Template.dll
9/15/2017 4:09:04 PM, Info: Creating Archive C:\Bret SubervsionCode\vscode_crestron_code\S-100_ClassroomTemplate\S-100_Template\S-100_Template\bin\Debug\S-100_Template.cpz...
9/15/2017 4:09:04 PM, Info: Saving project information...
9/15/2017 5:12:01 PM, Info: Validating assembly C:\Bret SubervsionCode\vscode_crestron_code\S-100_ClassroomTemplate\S-100_Template\S-100_Template\bin\Debug\S-100_Template.dll...
9/15/2017 5:12:01 PM, Info: Verifying assembly C:\Bret SubervsionCode\vscode_crestron_code\S-100_ClassroomTemplate\S-100_Template\S-100_Template\bin\Debug\S-100_Template.dll
9/15/2017 5:12:01 PM, Info: Creating Archive C:\Bret SubervsionCode\vscode_crestron_code\S-100_ClassroomTemplate\S-100_Template\S-100_Template\bin\Debug\S-100_Template.cpz...
9/15/2017 5:12:02 PM, Info: Saving project information...
9/15/2017 5:12:24 PM, Info: Validating assembly C:\Bret SubervsionCode\vscode_crestron_code\S-100_ClassroomTemplate\S-100_Template\S-100_Template\bin\Debug\S-100_Template.dll...
9/15/2017 5:12:25 PM, Info: Verifying assembly C:\Bret SubervsionCode\vscode_crestron_code\S-100_ClassroomTemplate\S-100_Template\S-100_Template\bin\Debug\S-100_Template.dll
9/15/2017 5:12:25 PM, Info: Creating Archive C:\Bret SubervsionCode\vscode_crestron_code\S-100_ClassroomTemplate\S-100_Template\S-100_Template\bin\Debug\S-100_Template.cpz...
9/15/2017 5:12:25 PM, Info: Saving project information...
9/15/2017 5:14:32 PM, Info: Validating assembly C:\Bret SubervsionCode\vscode_crestron_code\S-100_ClassroomTemplate\S-100_Template\S-100_Template\bin\Debug\S-100_Template.dll...
9/15/2017 5:14:32 PM, Info: Verifying assembly C:\Bret SubervsionCode\vscode_crestron_code\S-100_ClassroomTemplate\S-100_Template\S-100_Template\bin\Debug\S-100_Template.dll
9/15/2017 5:14:32 PM, Info: Creating Archive C:\Bret SubervsionCode\vscode_crestron_code\S-100_ClassroomTemplate\S-100_Template\S-100_Template\bin\Debug\S-100_Template.cpz...
9/15/2017 5:14:33 PM, Info: Saving project information...
9/15/2017 5:22:44 PM, Info: Validating assembly C:\Bret SubervsionCode\vscode_crestron_code\S-100_ClassroomTemplate\S-100_Template\S-100_Template\bin\Debug\S-100_Template.dll...
9/15/2017 5:22:45 PM, Info: Verifying assembly C:\Bret SubervsionCode\vscode_crestron_code\S-100_ClassroomTemplate\S-100_Template\S-100_Template\bin\Debug\S-100_Template.dll
9/15/2017 5:22:45 PM, Info: Creating Archive C:\Bret SubervsionCode\vscode_crestron_code\S-100_ClassroomTemplate\S-100_Template\S-100_Template\bin\Debug\S-100_Template.cpz...
9/15/2017 5:22:45 PM, Info: Saving project information...
9/15/2017 5:25:50 PM, Info: Validating assembly C:\Bret SubervsionCode\vscode_crestron_code\S-100_ClassroomTemplate\S-100_Template\S-100_Template\bin\Debug\S-100_Template.dll...
9/15/2017 5:25:50 PM, Info: Verifying assembly C:\Bret SubervsionCode\vscode_crestron_code\S-100_ClassroomTemplate\S-100_Template\S-100_Template\bin\Debug\S-100_Template.dll
9/15/2017 5:25:50 PM, Info: Creating Archive C:\Bret SubervsionCode\vscode_crestron_code\S-100_ClassroomTemplate\S-100_Template\S-100_Template\bin\Debug\S-100_Template.cpz...
9/15/2017 5:25:51 PM, Info: Saving project information...
9/15/2017 5:26:25 PM, Info: Validating assembly C:\Bret SubervsionCode\vscode_crestron_code\S-100_ClassroomTemplate\S-100_Template\S-100_Template\bin\Debug\S-100_Template.dll...
9/15/2017 5:26:25 PM, Info: Verifying assembly C:\Bret SubervsionCode\vscode_crestron_code\S-100_ClassroomTemplate\S-100_Template\S-100_Template\bin\Debug\S-100_Template.dll
9/15/2017 5:26:25 PM, Info: Creating Archive C:\Bret SubervsionCode\vscode_crestron_code\S-100_ClassroomTemplate\S-100_Template\S-100_Template\bin\Debug\S-100_Template.cpz...
9/15/2017 5:26:26 PM, Info: Saving project information...
9/15/2017 5:34:03 PM, Info: Validating assembly C:\Bret SubervsionCode\vscode_crestron_code\S-100_ClassroomTemplate\S-100_Template\S-100_Template\bin\Debug\S-100_Template.dll...
9/15/2017 5:34:03 PM, Info: Verifying assembly C:\Bret SubervsionCode\vscode_crestron_code\S-100_ClassroomTemplate\S-100_Template\S-100_Template\bin\Debug\S-100_Template.dll
9/15/2017 5:34:03 PM, Info: Creating Archive C:\Bret SubervsionCode\vscode_crestron_code\S-100_ClassroomTemplate\S-100_Template\S-100_Template\bin\Debug\S-100_Template.cpz...
9/15/2017 5:34:04 PM, Info: Saving project information...
9/15/2017 5:34:43 PM, Info: Validating assembly C:\Bret SubervsionCode\vscode_crestron_code\S-100_ClassroomTemplate\S-100_Template\S-100_Template\bin\Debug\S-100_Template.dll...
9/15/2017 5:34:43 PM, Info: Verifying assembly C:\Bret SubervsionCode\vscode_crestron_code\S-100_ClassroomTemplate\S-100_Template\S-100_Template\bin\Debug\S-100_Template.dll
9/15/2017 5:34:43 PM, Info: Creating Archive C:\Bret SubervsionCode\vscode_crestron_code\S-100_ClassroomTemplate\S-100_Template\S-100_Template\bin\Debug\S-100_Template.cpz...
9/15/2017 5:34:44 PM, Info: Saving project information...
9/15/2017 5:41:02 PM, Info: Validating assembly C:\Bret SubervsionCode\vscode_crestron_code\S-100_ClassroomTemplate\S-100_Template\S-100_Template\bin\Debug\S-100_Template.dll...
9/15/2017 5:41:02 PM, Info: Verifying assembly C:\Bret SubervsionCode\vscode_crestron_code\S-100_ClassroomTemplate\S-100_Template\S-100_Template\bin\Debug\S-100_Template.dll
9/15/2017 5:41:02 PM, Info: Creating Archive C:\Bret SubervsionCode\vscode_crestron_code\S-100_ClassroomTemplate\S-100_Template\S-100_Template\bin\Debug\S-100_Template.cpz...
9/15/2017 5:41:03 PM, Info: Saving project information...
9/15/2017 5:47:32 PM, Info: Validating assembly C:\Bret SubervsionCode\vscode_crestron_code\S-100_ClassroomTemplate\S-100_Template\S-100_Template\bin\Debug\S-100_Template.dll...
9/15/2017 5:47:32 PM, Info: Verifying assembly C:\Bret SubervsionCode\vscode_crestron_code\S-100_ClassroomTemplate\S-100_Template\S-100_Template\bin\Debug\S-100_Template.dll
9/15/2017 5:47:32 PM, Info: Creating Archive C:\Bret SubervsionCode\vscode_crestron_code\S-100_ClassroomTemplate\S-100_Template\S-100_Template\bin\Debug\S-100_Template.cpz...
9/15/2017 5:47:33 PM, Info: Saving project information...
9/15/2017 5:48:11 PM, Info: Validating assembly C:\Bret SubervsionCode\vscode_crestron_code\S-100_ClassroomTemplate\S-100_Template\S-100_Template\bin\Debug\S-100_Template.dll...
9/15/2017 5:48:11 PM, Info: Verifying assembly C:\Bret SubervsionCode\vscode_crestron_code\S-100_ClassroomTemplate\S-100_Template\S-100_Template\bin\Debug\S-100_Template.dll
9/15/2017 5:48:11 PM, Info: Creating Archive C:\Bret SubervsionCode\vscode_crestron_code\S-100_ClassroomTemplate\S-100_Template\S-100_Template\bin\Debug\S-100_Template.cpz...
9/15/2017 5:48:12 PM, Info: Saving project information...
9/15/2017 5:52:28 PM, Info: Validating assembly C:\Bret SubervsionCode\vscode_crestron_code\S-100_ClassroomTemplate\S-100_Template\S-100_Template\bin\Debug\S-100_Template.dll...
9/15/2017 5:52:28 PM, Info: Verifying assembly C:\Bret SubervsionCode\vscode_crestron_code\S-100_ClassroomTemplate\S-100_Template\S-100_Template\bin\Debug\S-100_Template.dll
9/15/2017 5:52:28 PM, Info: Creating Archive C:\Bret SubervsionCode\vscode_crestron_code\S-100_ClassroomTemplate\S-100_Template\S-100_Template\bin\Debug\S-100_Template.cpz...
9/15/2017 5:52:29 PM, Info: Saving project information...
9/15/2017 6:25:27 PM, Info: Validating assembly C:\Bret SubervsionCode\vscode_crestron_code\S-100_ClassroomTemplate\S-100_Template\S-100_Template\bin\Debug\S-100_Template.dll...
9/15/2017 6:25:27 PM, Info: Verifying assembly C:\Bret SubervsionCode\vscode_crestron_code\S-100_ClassroomTemplate\S-100_Template\S-100_Template\bin\Debug\S-100_Template.dll
9/15/2017 6:25:28 PM, Info: Creating Archive C:\Bret SubervsionCode\vscode_crestron_code\S-100_ClassroomTemplate\S-100_Template\S-100_Template\bin\Debug\S-100_Template.cpz...
9/15/2017 6:25:28 PM, Info: Saving project information...
9/15/2017 6:28:22 PM, Info: Validating assembly C:\Bret SubervsionCode\vscode_crestron_code\S-100_ClassroomTemplate\S-100_Template\S-100_Template\bin\Debug\S-100_Template.dll...
9/15/2017 6:28:23 PM, Info: Verifying assembly C:\Bret SubervsionCode\vscode_crestron_code\S-100_ClassroomTemplate\S-100_Template\S-100_Template\bin\Debug\S-100_Template.dll
9/15/2017 6:28:23 PM, Info: Creating Archive C:\Bret SubervsionCode\vscode_crestron_code\S-100_ClassroomTemplate\S-100_Template\S-100_Template\bin\Debug\S-100_Template.cpz...
9/15/2017 6:28:23 PM, Info: Saving project information...
9/15/2017 7:29:05 PM, Info: Terminating SIMPLSharp Services
