10/18/2017 9:46:16 AM, Info: Initializing SIMPLSharp Services...
10/18/2017 9:46:16 AM, Info: ProjectInfo successfully initialized.
10/18/2017 10:14:34 AM, Info: Validating assembly C:\Bret SubervsionCode\vscode_crestron_code\S-100_ClassroomTemplate\S-100_Template\S-100_Template\bin\Debug\S-100_Template.dll...
10/18/2017 10:14:34 AM, Info: Verifying assembly C:\Bret SubervsionCode\vscode_crestron_code\S-100_ClassroomTemplate\S-100_Template\S-100_Template\bin\Debug\S-100_Template.dll
10/18/2017 10:14:34 AM, Info: Creating Archive C:\Bret SubervsionCode\vscode_crestron_code\S-100_ClassroomTemplate\S-100_Template\S-100_Template\bin\Debug\S-100_Template.cpz...
10/18/2017 10:14:35 AM, Info: Saving project information...
10/18/2017 1:49:04 PM, Info: Validating assembly C:\Bret SubervsionCode\vscode_crestron_code\S-100_ClassroomTemplate\S-100_Template\S-100_Template\bin\Debug\S-100_Template.dll...
10/18/2017 1:49:04 PM, Info: Verifying assembly C:\Bret SubervsionCode\vscode_crestron_code\S-100_ClassroomTemplate\S-100_Template\S-100_Template\bin\Debug\S-100_Template.dll
10/18/2017 1:49:04 PM, Info: Creating Archive C:\Bret SubervsionCode\vscode_crestron_code\S-100_ClassroomTemplate\S-100_Template\S-100_Template\bin\Debug\S-100_Template.cpz...
10/18/2017 1:49:05 PM, Info: Saving project information...
10/18/2017 2:02:42 PM, Info: Validating assembly C:\Bret SubervsionCode\vscode_crestron_code\S-100_ClassroomTemplate\S-100_Template\S-100_Template\bin\Debug\S-100_Template.dll...
10/18/2017 2:02:42 PM, Info: Verifying assembly C:\Bret SubervsionCode\vscode_crestron_code\S-100_ClassroomTemplate\S-100_Template\S-100_Template\bin\Debug\S-100_Template.dll
10/18/2017 2:02:43 PM, Info: Creating Archive C:\Bret SubervsionCode\vscode_crestron_code\S-100_ClassroomTemplate\S-100_Template\S-100_Template\bin\Debug\S-100_Template.cpz...
10/18/2017 2:02:43 PM, Info: Saving project information...
10/18/2017 2:05:57 PM, Info: Validating assembly C:\Bret SubervsionCode\vscode_crestron_code\S-100_ClassroomTemplate\S-100_Template\S-100_Template\bin\Debug\S-100_Template.dll...
10/18/2017 2:05:57 PM, Info: Verifying assembly C:\Bret SubervsionCode\vscode_crestron_code\S-100_ClassroomTemplate\S-100_Template\S-100_Template\bin\Debug\S-100_Template.dll
10/18/2017 2:05:58 PM, Info: Creating Archive C:\Bret SubervsionCode\vscode_crestron_code\S-100_ClassroomTemplate\S-100_Template\S-100_Template\bin\Debug\S-100_Template.cpz...
10/18/2017 2:05:58 PM, Info: Saving project information...
10/18/2017 2:12:54 PM, Info: Validating assembly C:\Bret SubervsionCode\vscode_crestron_code\S-100_ClassroomTemplate\S-100_Template\S-100_Template\bin\Debug\S-100_Template.dll...
10/18/2017 2:12:54 PM, Info: Verifying assembly C:\Bret SubervsionCode\vscode_crestron_code\S-100_ClassroomTemplate\S-100_Template\S-100_Template\bin\Debug\S-100_Template.dll
10/18/2017 2:12:54 PM, Info: Creating Archive C:\Bret SubervsionCode\vscode_crestron_code\S-100_ClassroomTemplate\S-100_Template\S-100_Template\bin\Debug\S-100_Template.cpz...
10/18/2017 2:12:55 PM, Info: Saving project information...
10/18/2017 2:16:15 PM, Info: Validating assembly C:\Bret SubervsionCode\vscode_crestron_code\S-100_ClassroomTemplate\S-100_Template\S-100_Template\bin\Debug\S-100_Template.dll...
10/18/2017 2:16:15 PM, Info: Verifying assembly C:\Bret SubervsionCode\vscode_crestron_code\S-100_ClassroomTemplate\S-100_Template\S-100_Template\bin\Debug\S-100_Template.dll
10/18/2017 2:16:15 PM, Info: Creating Archive C:\Bret SubervsionCode\vscode_crestron_code\S-100_ClassroomTemplate\S-100_Template\S-100_Template\bin\Debug\S-100_Template.cpz...
10/18/2017 2:16:16 PM, Info: Saving project information...
10/18/2017 2:19:25 PM, Info: Validating assembly C:\Bret SubervsionCode\vscode_crestron_code\S-100_ClassroomTemplate\S-100_Template\S-100_Template\bin\Debug\S-100_Template.dll...
10/18/2017 2:19:26 PM, Info: Verifying assembly C:\Bret SubervsionCode\vscode_crestron_code\S-100_ClassroomTemplate\S-100_Template\S-100_Template\bin\Debug\S-100_Template.dll
10/18/2017 2:19:26 PM, Info: Creating Archive C:\Bret SubervsionCode\vscode_crestron_code\S-100_ClassroomTemplate\S-100_Template\S-100_Template\bin\Debug\S-100_Template.cpz...
10/18/2017 2:19:26 PM, Info: Saving project information...
10/18/2017 3:03:06 PM, Info: Terminating SIMPLSharp Services
