9/8/2017 10:52:13 AM, Info: Initializing SIMPLSharp Services...
9/8/2017 10:52:13 AM, Info: ProjectInfo successfully initialized.
9/8/2017 11:09:26 AM, Info: Validating assembly C:\Bret SubervsionCode\vscode_crestron_code\S-100_ClassroomTemplate\S-100_Template\S-100_Template\bin\Debug\S-100_Template.dll...
9/8/2017 11:09:27 AM, Info: Verifying assembly C:\Bret SubervsionCode\vscode_crestron_code\S-100_ClassroomTemplate\S-100_Template\S-100_Template\bin\Debug\S-100_Template.dll
9/8/2017 11:09:27 AM, Info: Creating Archive C:\Bret SubervsionCode\vscode_crestron_code\S-100_ClassroomTemplate\S-100_Template\S-100_Template\bin\Debug\S-100_Template.cpz...
9/8/2017 11:09:28 AM, Info: Saving project information...
9/8/2017 11:29:22 AM, Info: Validating assembly C:\Bret SubervsionCode\vscode_crestron_code\S-100_ClassroomTemplate\S-100_Template\S-100_Template\bin\Debug\S-100_Template.dll...
9/8/2017 11:29:23 AM, Info: Verifying assembly C:\Bret SubervsionCode\vscode_crestron_code\S-100_ClassroomTemplate\S-100_Template\S-100_Template\bin\Debug\S-100_Template.dll
9/8/2017 11:29:23 AM, Info: Creating Archive C:\Bret SubervsionCode\vscode_crestron_code\S-100_ClassroomTemplate\S-100_Template\S-100_Template\bin\Debug\S-100_Template.cpz...
9/8/2017 11:29:23 AM, Info: Saving project information...
9/8/2017 11:38:20 AM, Info: Validating assembly C:\Bret SubervsionCode\vscode_crestron_code\S-100_ClassroomTemplate\S-100_Template\S-100_Template\bin\Debug\S-100_Template.dll...
9/8/2017 11:38:20 AM, Info: Verifying assembly C:\Bret SubervsionCode\vscode_crestron_code\S-100_ClassroomTemplate\S-100_Template\S-100_Template\bin\Debug\S-100_Template.dll
9/8/2017 11:38:20 AM, Info: Creating Archive C:\Bret SubervsionCode\vscode_crestron_code\S-100_ClassroomTemplate\S-100_Template\S-100_Template\bin\Debug\S-100_Template.cpz...
9/8/2017 11:38:21 AM, Info: Saving project information...
9/8/2017 12:17:00 PM, Info: Validating assembly C:\Bret SubervsionCode\vscode_crestron_code\S-100_ClassroomTemplate\S-100_Template\S-100_Template\bin\Debug\S-100_Template.dll...
9/8/2017 12:17:00 PM, Info: Verifying assembly C:\Bret SubervsionCode\vscode_crestron_code\S-100_ClassroomTemplate\S-100_Template\S-100_Template\bin\Debug\S-100_Template.dll
9/8/2017 12:17:00 PM, Info: Creating Archive C:\Bret SubervsionCode\vscode_crestron_code\S-100_ClassroomTemplate\S-100_Template\S-100_Template\bin\Debug\S-100_Template.cpz...
9/8/2017 12:17:00 PM, Info: Saving project information...
9/8/2017 12:21:45 PM, Info: Validating assembly C:\Bret SubervsionCode\vscode_crestron_code\S-100_ClassroomTemplate\S-100_Template\S-100_Template\bin\Debug\S-100_Template.dll...
9/8/2017 12:21:45 PM, Info: Verifying assembly C:\Bret SubervsionCode\vscode_crestron_code\S-100_ClassroomTemplate\S-100_Template\S-100_Template\bin\Debug\S-100_Template.dll
9/8/2017 12:21:45 PM, Info: Creating Archive C:\Bret SubervsionCode\vscode_crestron_code\S-100_ClassroomTemplate\S-100_Template\S-100_Template\bin\Debug\S-100_Template.cpz...
9/8/2017 12:21:46 PM, Info: Saving project information...
9/8/2017 1:38:22 PM, Info: Validating assembly C:\Bret SubervsionCode\vscode_crestron_code\S-100_ClassroomTemplate\S-100_Template\S-100_Template\bin\Debug\S-100_Template.dll...
9/8/2017 1:38:22 PM, Info: Verifying assembly C:\Bret SubervsionCode\vscode_crestron_code\S-100_ClassroomTemplate\S-100_Template\S-100_Template\bin\Debug\S-100_Template.dll
9/8/2017 1:38:22 PM, Info: Creating Archive C:\Bret SubervsionCode\vscode_crestron_code\S-100_ClassroomTemplate\S-100_Template\S-100_Template\bin\Debug\S-100_Template.cpz...
9/8/2017 1:38:23 PM, Info: Saving project information...
9/8/2017 1:38:33 PM, Info: Validating assembly C:\Bret SubervsionCode\vscode_crestron_code\S-100_ClassroomTemplate\S-100_Template\S-100_Template\bin\Debug\S-100_Template.dll...
9/8/2017 1:38:33 PM, Info: Verifying assembly C:\Bret SubervsionCode\vscode_crestron_code\S-100_ClassroomTemplate\S-100_Template\S-100_Template\bin\Debug\S-100_Template.dll
9/8/2017 1:38:33 PM, Info: Creating Archive C:\Bret SubervsionCode\vscode_crestron_code\S-100_ClassroomTemplate\S-100_Template\S-100_Template\bin\Debug\S-100_Template.cpz...
9/8/2017 1:38:34 PM, Info: Saving project information...
9/8/2017 1:52:05 PM, Info: Validating assembly C:\Bret SubervsionCode\vscode_crestron_code\S-100_ClassroomTemplate\S-100_Template\S-100_Template\bin\Debug\S-100_Template.dll...
9/8/2017 1:52:06 PM, Info: Verifying assembly C:\Bret SubervsionCode\vscode_crestron_code\S-100_ClassroomTemplate\S-100_Template\S-100_Template\bin\Debug\S-100_Template.dll
9/8/2017 1:52:06 PM, Info: Creating Archive C:\Bret SubervsionCode\vscode_crestron_code\S-100_ClassroomTemplate\S-100_Template\S-100_Template\bin\Debug\S-100_Template.cpz...
9/8/2017 1:52:06 PM, Info: Saving project information...
9/8/2017 1:54:45 PM, Info: Validating assembly C:\Bret SubervsionCode\vscode_crestron_code\S-100_ClassroomTemplate\S-100_Template\S-100_Template\bin\Debug\S-100_Template.dll...
9/8/2017 1:54:45 PM, Info: Verifying assembly C:\Bret SubervsionCode\vscode_crestron_code\S-100_ClassroomTemplate\S-100_Template\S-100_Template\bin\Debug\S-100_Template.dll
9/8/2017 1:54:45 PM, Info: Creating Archive C:\Bret SubervsionCode\vscode_crestron_code\S-100_ClassroomTemplate\S-100_Template\S-100_Template\bin\Debug\S-100_Template.cpz...
9/8/2017 1:54:46 PM, Info: Saving project information...
9/8/2017 2:02:05 PM, Info: Validating assembly C:\Bret SubervsionCode\vscode_crestron_code\S-100_ClassroomTemplate\S-100_Template\S-100_Template\bin\Debug\S-100_Template.dll...
9/8/2017 2:02:06 PM, Info: Verifying assembly C:\Bret SubervsionCode\vscode_crestron_code\S-100_ClassroomTemplate\S-100_Template\S-100_Template\bin\Debug\S-100_Template.dll
9/8/2017 2:02:06 PM, Info: Creating Archive C:\Bret SubervsionCode\vscode_crestron_code\S-100_ClassroomTemplate\S-100_Template\S-100_Template\bin\Debug\S-100_Template.cpz...
9/8/2017 2:02:06 PM, Info: Saving project information...
9/8/2017 2:04:19 PM, Info: Validating assembly C:\Bret SubervsionCode\vscode_crestron_code\S-100_ClassroomTemplate\S-100_Template\S-100_Template\bin\Debug\S-100_Template.dll...
9/8/2017 2:04:19 PM, Info: Verifying assembly C:\Bret SubervsionCode\vscode_crestron_code\S-100_ClassroomTemplate\S-100_Template\S-100_Template\bin\Debug\S-100_Template.dll
9/8/2017 2:04:19 PM, Info: Creating Archive C:\Bret SubervsionCode\vscode_crestron_code\S-100_ClassroomTemplate\S-100_Template\S-100_Template\bin\Debug\S-100_Template.cpz...
9/8/2017 2:04:20 PM, Info: Saving project information...
9/8/2017 2:06:51 PM, Info: Validating assembly C:\Bret SubervsionCode\vscode_crestron_code\S-100_ClassroomTemplate\S-100_Template\S-100_Template\bin\Debug\S-100_Template.dll...
9/8/2017 2:06:52 PM, Info: Verifying assembly C:\Bret SubervsionCode\vscode_crestron_code\S-100_ClassroomTemplate\S-100_Template\S-100_Template\bin\Debug\S-100_Template.dll
9/8/2017 2:06:52 PM, Info: Creating Archive C:\Bret SubervsionCode\vscode_crestron_code\S-100_ClassroomTemplate\S-100_Template\S-100_Template\bin\Debug\S-100_Template.cpz...
9/8/2017 2:06:52 PM, Info: Saving project information...
9/8/2017 3:23:15 PM, Info: Validating assembly C:\Bret SubervsionCode\vscode_crestron_code\S-100_ClassroomTemplate\S-100_Template\S-100_Template\bin\Debug\S-100_Template.dll...
9/8/2017 3:23:16 PM, Info: Verifying assembly C:\Bret SubervsionCode\vscode_crestron_code\S-100_ClassroomTemplate\S-100_Template\S-100_Template\bin\Debug\S-100_Template.dll
9/8/2017 3:23:16 PM, Info: Creating Archive C:\Bret SubervsionCode\vscode_crestron_code\S-100_ClassroomTemplate\S-100_Template\S-100_Template\bin\Debug\S-100_Template.cpz...
9/8/2017 3:23:16 PM, Info: Saving project information...
9/8/2017 3:23:27 PM, Info: Validating assembly C:\Bret SubervsionCode\vscode_crestron_code\S-100_ClassroomTemplate\S-100_Template\S-100_Template\bin\Debug\S-100_Template.dll...
9/8/2017 3:23:27 PM, Info: Verifying assembly C:\Bret SubervsionCode\vscode_crestron_code\S-100_ClassroomTemplate\S-100_Template\S-100_Template\bin\Debug\S-100_Template.dll
9/8/2017 3:23:27 PM, Info: Creating Archive C:\Bret SubervsionCode\vscode_crestron_code\S-100_ClassroomTemplate\S-100_Template\S-100_Template\bin\Debug\S-100_Template.cpz...
9/8/2017 3:23:28 PM, Info: Saving project information...
9/8/2017 3:27:39 PM, Info: Validating assembly C:\Bret SubervsionCode\vscode_crestron_code\S-100_ClassroomTemplate\S-100_Template\S-100_Template\bin\Debug\S-100_Template.dll...
9/8/2017 3:27:39 PM, Info: Verifying assembly C:\Bret SubervsionCode\vscode_crestron_code\S-100_ClassroomTemplate\S-100_Template\S-100_Template\bin\Debug\S-100_Template.dll
9/8/2017 3:27:39 PM, Info: Creating Archive C:\Bret SubervsionCode\vscode_crestron_code\S-100_ClassroomTemplate\S-100_Template\S-100_Template\bin\Debug\S-100_Template.cpz...
9/8/2017 3:27:40 PM, Info: Saving project information...
9/8/2017 3:31:27 PM, Info: Validating assembly C:\Bret SubervsionCode\vscode_crestron_code\S-100_ClassroomTemplate\S-100_Template\S-100_Template\bin\Debug\S-100_Template.dll...
9/8/2017 3:31:27 PM, Info: Verifying assembly C:\Bret SubervsionCode\vscode_crestron_code\S-100_ClassroomTemplate\S-100_Template\S-100_Template\bin\Debug\S-100_Template.dll
9/8/2017 3:31:28 PM, Info: Creating Archive C:\Bret SubervsionCode\vscode_crestron_code\S-100_ClassroomTemplate\S-100_Template\S-100_Template\bin\Debug\S-100_Template.cpz...
9/8/2017 3:31:28 PM, Info: Saving project information...
9/8/2017 3:38:40 PM, Info: Validating assembly C:\Bret SubervsionCode\vscode_crestron_code\S-100_ClassroomTemplate\S-100_Template\S-100_Template\bin\Debug\S-100_Template.dll...
9/8/2017 3:38:41 PM, Info: Verifying assembly C:\Bret SubervsionCode\vscode_crestron_code\S-100_ClassroomTemplate\S-100_Template\S-100_Template\bin\Debug\S-100_Template.dll
9/8/2017 3:38:41 PM, Info: Creating Archive C:\Bret SubervsionCode\vscode_crestron_code\S-100_ClassroomTemplate\S-100_Template\S-100_Template\bin\Debug\S-100_Template.cpz...
9/8/2017 3:38:41 PM, Info: Saving project information...
9/8/2017 3:40:04 PM, Info: Validating assembly C:\Bret SubervsionCode\vscode_crestron_code\S-100_ClassroomTemplate\S-100_Template\S-100_Template\bin\Debug\S-100_Template.dll...
9/8/2017 3:40:05 PM, Info: Verifying assembly C:\Bret SubervsionCode\vscode_crestron_code\S-100_ClassroomTemplate\S-100_Template\S-100_Template\bin\Debug\S-100_Template.dll
9/8/2017 3:40:05 PM, Info: Creating Archive C:\Bret SubervsionCode\vscode_crestron_code\S-100_ClassroomTemplate\S-100_Template\S-100_Template\bin\Debug\S-100_Template.cpz...
9/8/2017 3:40:05 PM, Info: Saving project information...
9/8/2017 3:45:41 PM, Info: Validating assembly C:\Bret SubervsionCode\vscode_crestron_code\S-100_ClassroomTemplate\S-100_Template\S-100_Template\bin\Debug\S-100_Template.dll...
9/8/2017 3:45:41 PM, Info: Verifying assembly C:\Bret SubervsionCode\vscode_crestron_code\S-100_ClassroomTemplate\S-100_Template\S-100_Template\bin\Debug\S-100_Template.dll
9/8/2017 3:45:41 PM, Info: Creating Archive C:\Bret SubervsionCode\vscode_crestron_code\S-100_ClassroomTemplate\S-100_Template\S-100_Template\bin\Debug\S-100_Template.cpz...
9/8/2017 3:45:41 PM, Info: Saving project information...
9/8/2017 3:48:27 PM, Info: Validating assembly C:\Bret SubervsionCode\vscode_crestron_code\S-100_ClassroomTemplate\S-100_Template\S-100_Template\bin\Debug\S-100_Template.dll...
9/8/2017 3:48:27 PM, Info: Verifying assembly C:\Bret SubervsionCode\vscode_crestron_code\S-100_ClassroomTemplate\S-100_Template\S-100_Template\bin\Debug\S-100_Template.dll
9/8/2017 3:48:27 PM, Info: Creating Archive C:\Bret SubervsionCode\vscode_crestron_code\S-100_ClassroomTemplate\S-100_Template\S-100_Template\bin\Debug\S-100_Template.cpz...
9/8/2017 3:48:28 PM, Info: Saving project information...
9/8/2017 3:49:07 PM, Info: Validating assembly C:\Bret SubervsionCode\vscode_crestron_code\S-100_ClassroomTemplate\S-100_Template\S-100_Template\bin\Debug\S-100_Template.dll...
9/8/2017 3:49:07 PM, Info: Verifying assembly C:\Bret SubervsionCode\vscode_crestron_code\S-100_ClassroomTemplate\S-100_Template\S-100_Template\bin\Debug\S-100_Template.dll
9/8/2017 3:49:08 PM, Info: Creating Archive C:\Bret SubervsionCode\vscode_crestron_code\S-100_ClassroomTemplate\S-100_Template\S-100_Template\bin\Debug\S-100_Template.cpz...
9/8/2017 3:49:08 PM, Info: Saving project information...
9/8/2017 3:51:41 PM, Info: Validating assembly C:\Bret SubervsionCode\vscode_crestron_code\S-100_ClassroomTemplate\S-100_Template\S-100_Template\bin\Debug\S-100_Template.dll...
9/8/2017 3:51:42 PM, Info: Verifying assembly C:\Bret SubervsionCode\vscode_crestron_code\S-100_ClassroomTemplate\S-100_Template\S-100_Template\bin\Debug\S-100_Template.dll
9/8/2017 3:51:42 PM, Info: Creating Archive C:\Bret SubervsionCode\vscode_crestron_code\S-100_ClassroomTemplate\S-100_Template\S-100_Template\bin\Debug\S-100_Template.cpz...
9/8/2017 3:51:42 PM, Info: Saving project information...
9/8/2017 3:51:47 PM, Info: Validating assembly C:\Bret SubervsionCode\vscode_crestron_code\S-100_ClassroomTemplate\S-100_Template\S-100_Template\bin\Debug\S-100_Template.dll...
9/8/2017 3:51:47 PM, Info: Verifying assembly C:\Bret SubervsionCode\vscode_crestron_code\S-100_ClassroomTemplate\S-100_Template\S-100_Template\bin\Debug\S-100_Template.dll
9/8/2017 3:51:47 PM, Info: Creating Archive C:\Bret SubervsionCode\vscode_crestron_code\S-100_ClassroomTemplate\S-100_Template\S-100_Template\bin\Debug\S-100_Template.cpz...
9/8/2017 3:51:48 PM, Info: Saving project information...
9/8/2017 3:54:28 PM, Info: Validating assembly C:\Bret SubervsionCode\vscode_crestron_code\S-100_ClassroomTemplate\S-100_Template\S-100_Template\bin\Debug\S-100_Template.dll...
9/8/2017 3:54:28 PM, Info: Verifying assembly C:\Bret SubervsionCode\vscode_crestron_code\S-100_ClassroomTemplate\S-100_Template\S-100_Template\bin\Debug\S-100_Template.dll
9/8/2017 3:54:28 PM, Info: Creating Archive C:\Bret SubervsionCode\vscode_crestron_code\S-100_ClassroomTemplate\S-100_Template\S-100_Template\bin\Debug\S-100_Template.cpz...
9/8/2017 3:54:29 PM, Info: Saving project information...
9/8/2017 4:03:33 PM, Info: Validating assembly C:\Bret SubervsionCode\vscode_crestron_code\S-100_ClassroomTemplate\S-100_Template\S-100_Template\bin\Debug\S-100_Template.dll...
9/8/2017 4:03:33 PM, Info: Verifying assembly C:\Bret SubervsionCode\vscode_crestron_code\S-100_ClassroomTemplate\S-100_Template\S-100_Template\bin\Debug\S-100_Template.dll
9/8/2017 4:03:33 PM, Info: Creating Archive C:\Bret SubervsionCode\vscode_crestron_code\S-100_ClassroomTemplate\S-100_Template\S-100_Template\bin\Debug\S-100_Template.cpz...
9/8/2017 4:03:34 PM, Info: Saving project information...
9/8/2017 4:05:21 PM, Info: Validating assembly C:\Bret SubervsionCode\vscode_crestron_code\S-100_ClassroomTemplate\S-100_Template\S-100_Template\bin\Debug\S-100_Template.dll...
9/8/2017 4:05:21 PM, Info: Verifying assembly C:\Bret SubervsionCode\vscode_crestron_code\S-100_ClassroomTemplate\S-100_Template\S-100_Template\bin\Debug\S-100_Template.dll
9/8/2017 4:05:22 PM, Info: Creating Archive C:\Bret SubervsionCode\vscode_crestron_code\S-100_ClassroomTemplate\S-100_Template\S-100_Template\bin\Debug\S-100_Template.cpz...
9/8/2017 4:05:22 PM, Info: Saving project information...
9/8/2017 4:11:08 PM, Info: Validating assembly C:\Bret SubervsionCode\vscode_crestron_code\S-100_ClassroomTemplate\S-100_Template\S-100_Template\bin\Debug\S-100_Template.dll...
9/8/2017 4:11:09 PM, Info: Verifying assembly C:\Bret SubervsionCode\vscode_crestron_code\S-100_ClassroomTemplate\S-100_Template\S-100_Template\bin\Debug\S-100_Template.dll
9/8/2017 4:11:09 PM, Info: Creating Archive C:\Bret SubervsionCode\vscode_crestron_code\S-100_ClassroomTemplate\S-100_Template\S-100_Template\bin\Debug\S-100_Template.cpz...
9/8/2017 4:11:09 PM, Info: Saving project information...
9/8/2017 4:12:40 PM, Info: Validating assembly C:\Bret SubervsionCode\vscode_crestron_code\S-100_ClassroomTemplate\S-100_Template\S-100_Template\bin\Debug\S-100_Template.dll...
9/8/2017 4:12:40 PM, Info: Verifying assembly C:\Bret SubervsionCode\vscode_crestron_code\S-100_ClassroomTemplate\S-100_Template\S-100_Template\bin\Debug\S-100_Template.dll
9/8/2017 4:12:40 PM, Info: Creating Archive C:\Bret SubervsionCode\vscode_crestron_code\S-100_ClassroomTemplate\S-100_Template\S-100_Template\bin\Debug\S-100_Template.cpz...
9/8/2017 4:12:41 PM, Info: Saving project information...
9/8/2017 4:14:17 PM, Info: Validating assembly C:\Bret SubervsionCode\vscode_crestron_code\S-100_ClassroomTemplate\S-100_Template\S-100_Template\bin\Debug\S-100_Template.dll...
9/8/2017 4:14:17 PM, Info: Verifying assembly C:\Bret SubervsionCode\vscode_crestron_code\S-100_ClassroomTemplate\S-100_Template\S-100_Template\bin\Debug\S-100_Template.dll
9/8/2017 4:14:17 PM, Info: Creating Archive C:\Bret SubervsionCode\vscode_crestron_code\S-100_ClassroomTemplate\S-100_Template\S-100_Template\bin\Debug\S-100_Template.cpz...
9/8/2017 4:14:18 PM, Info: Saving project information...
9/8/2017 4:16:18 PM, Info: Validating assembly C:\Bret SubervsionCode\vscode_crestron_code\S-100_ClassroomTemplate\S-100_Template\S-100_Template\bin\Debug\S-100_Template.dll...
9/8/2017 4:16:18 PM, Info: Verifying assembly C:\Bret SubervsionCode\vscode_crestron_code\S-100_ClassroomTemplate\S-100_Template\S-100_Template\bin\Debug\S-100_Template.dll
9/8/2017 4:16:18 PM, Info: Creating Archive C:\Bret SubervsionCode\vscode_crestron_code\S-100_ClassroomTemplate\S-100_Template\S-100_Template\bin\Debug\S-100_Template.cpz...
9/8/2017 4:16:19 PM, Info: Saving project information...
9/8/2017 4:18:41 PM, Info: Validating assembly C:\Bret SubervsionCode\vscode_crestron_code\S-100_ClassroomTemplate\S-100_Template\S-100_Template\bin\Debug\S-100_Template.dll...
9/8/2017 4:18:41 PM, Info: Verifying assembly C:\Bret SubervsionCode\vscode_crestron_code\S-100_ClassroomTemplate\S-100_Template\S-100_Template\bin\Debug\S-100_Template.dll
9/8/2017 4:18:41 PM, Info: Creating Archive C:\Bret SubervsionCode\vscode_crestron_code\S-100_ClassroomTemplate\S-100_Template\S-100_Template\bin\Debug\S-100_Template.cpz...
9/8/2017 4:18:42 PM, Info: Saving project information...
9/8/2017 4:20:28 PM, Info: Validating assembly C:\Bret SubervsionCode\vscode_crestron_code\S-100_ClassroomTemplate\S-100_Template\S-100_Template\bin\Debug\S-100_Template.dll...
9/8/2017 4:20:29 PM, Info: Verifying assembly C:\Bret SubervsionCode\vscode_crestron_code\S-100_ClassroomTemplate\S-100_Template\S-100_Template\bin\Debug\S-100_Template.dll
9/8/2017 4:20:29 PM, Info: Creating Archive C:\Bret SubervsionCode\vscode_crestron_code\S-100_ClassroomTemplate\S-100_Template\S-100_Template\bin\Debug\S-100_Template.cpz...
9/8/2017 4:20:29 PM, Info: Saving project information...
9/8/2017 4:20:40 PM, Info: Validating assembly C:\Bret SubervsionCode\vscode_crestron_code\S-100_ClassroomTemplate\S-100_Template\S-100_Template\bin\Debug\S-100_Template.dll...
9/8/2017 4:20:40 PM, Info: Verifying assembly C:\Bret SubervsionCode\vscode_crestron_code\S-100_ClassroomTemplate\S-100_Template\S-100_Template\bin\Debug\S-100_Template.dll
9/8/2017 4:20:40 PM, Info: Creating Archive C:\Bret SubervsionCode\vscode_crestron_code\S-100_ClassroomTemplate\S-100_Template\S-100_Template\bin\Debug\S-100_Template.cpz...
9/8/2017 4:20:41 PM, Info: Saving project information...
9/8/2017 4:25:51 PM, Info: Validating assembly C:\Bret SubervsionCode\vscode_crestron_code\S-100_ClassroomTemplate\S-100_Template\S-100_Template\bin\Debug\S-100_Template.dll...
9/8/2017 4:25:52 PM, Info: Verifying assembly C:\Bret SubervsionCode\vscode_crestron_code\S-100_ClassroomTemplate\S-100_Template\S-100_Template\bin\Debug\S-100_Template.dll
9/8/2017 4:25:52 PM, Info: Creating Archive C:\Bret SubervsionCode\vscode_crestron_code\S-100_ClassroomTemplate\S-100_Template\S-100_Template\bin\Debug\S-100_Template.cpz...
9/8/2017 4:25:52 PM, Info: Saving project information...
9/8/2017 4:31:19 PM, Info: Validating assembly C:\Bret SubervsionCode\vscode_crestron_code\S-100_ClassroomTemplate\S-100_Template\S-100_Template\bin\Debug\S-100_Template.dll...
9/8/2017 4:31:19 PM, Info: Verifying assembly C:\Bret SubervsionCode\vscode_crestron_code\S-100_ClassroomTemplate\S-100_Template\S-100_Template\bin\Debug\S-100_Template.dll
9/8/2017 4:31:19 PM, Info: Creating Archive C:\Bret SubervsionCode\vscode_crestron_code\S-100_ClassroomTemplate\S-100_Template\S-100_Template\bin\Debug\S-100_Template.cpz...
9/8/2017 4:31:20 PM, Info: Saving project information...
9/8/2017 4:33:05 PM, Info: Validating assembly C:\Bret SubervsionCode\vscode_crestron_code\S-100_ClassroomTemplate\S-100_Template\S-100_Template\bin\Debug\S-100_Template.dll...
9/8/2017 4:33:05 PM, Info: Verifying assembly C:\Bret SubervsionCode\vscode_crestron_code\S-100_ClassroomTemplate\S-100_Template\S-100_Template\bin\Debug\S-100_Template.dll
9/8/2017 4:33:05 PM, Info: Creating Archive C:\Bret SubervsionCode\vscode_crestron_code\S-100_ClassroomTemplate\S-100_Template\S-100_Template\bin\Debug\S-100_Template.cpz...
9/8/2017 4:33:06 PM, Info: Saving project information...
9/8/2017 4:34:54 PM, Info: Validating assembly C:\Bret SubervsionCode\vscode_crestron_code\S-100_ClassroomTemplate\S-100_Template\S-100_Template\bin\Debug\S-100_Template.dll...
9/8/2017 4:34:54 PM, Info: Verifying assembly C:\Bret SubervsionCode\vscode_crestron_code\S-100_ClassroomTemplate\S-100_Template\S-100_Template\bin\Debug\S-100_Template.dll
9/8/2017 4:34:54 PM, Info: Creating Archive C:\Bret SubervsionCode\vscode_crestron_code\S-100_ClassroomTemplate\S-100_Template\S-100_Template\bin\Debug\S-100_Template.cpz...
9/8/2017 4:34:55 PM, Info: Saving project information...
9/8/2017 4:36:26 PM, Info: Validating assembly C:\Bret SubervsionCode\vscode_crestron_code\S-100_ClassroomTemplate\S-100_Template\S-100_Template\bin\Debug\S-100_Template.dll...
9/8/2017 4:36:26 PM, Info: Verifying assembly C:\Bret SubervsionCode\vscode_crestron_code\S-100_ClassroomTemplate\S-100_Template\S-100_Template\bin\Debug\S-100_Template.dll
9/8/2017 4:36:26 PM, Info: Creating Archive C:\Bret SubervsionCode\vscode_crestron_code\S-100_ClassroomTemplate\S-100_Template\S-100_Template\bin\Debug\S-100_Template.cpz...
9/8/2017 4:36:27 PM, Info: Saving project information...
9/8/2017 4:37:28 PM, Info: Validating assembly C:\Bret SubervsionCode\vscode_crestron_code\S-100_ClassroomTemplate\S-100_Template\S-100_Template\bin\Debug\S-100_Template.dll...
9/8/2017 4:37:28 PM, Info: Verifying assembly C:\Bret SubervsionCode\vscode_crestron_code\S-100_ClassroomTemplate\S-100_Template\S-100_Template\bin\Debug\S-100_Template.dll
9/8/2017 4:37:28 PM, Info: Creating Archive C:\Bret SubervsionCode\vscode_crestron_code\S-100_ClassroomTemplate\S-100_Template\S-100_Template\bin\Debug\S-100_Template.cpz...
9/8/2017 4:37:29 PM, Info: Saving project information...
9/8/2017 5:05:00 PM, Info: Validating assembly C:\Bret SubervsionCode\vscode_crestron_code\S-100_ClassroomTemplate\S-100_Template\S-100_Template\bin\Debug\S-100_Template.dll...
9/8/2017 5:05:00 PM, Info: Verifying assembly C:\Bret SubervsionCode\vscode_crestron_code\S-100_ClassroomTemplate\S-100_Template\S-100_Template\bin\Debug\S-100_Template.dll
9/8/2017 5:05:00 PM, Info: Creating Archive C:\Bret SubervsionCode\vscode_crestron_code\S-100_ClassroomTemplate\S-100_Template\S-100_Template\bin\Debug\S-100_Template.cpz...
9/8/2017 5:05:01 PM, Info: Saving project information...
9/8/2017 5:16:30 PM, Info: Validating assembly C:\Bret SubervsionCode\vscode_crestron_code\S-100_ClassroomTemplate\S-100_Template\S-100_Template\bin\Debug\S-100_Template.dll...
9/8/2017 5:16:30 PM, Info: Verifying assembly C:\Bret SubervsionCode\vscode_crestron_code\S-100_ClassroomTemplate\S-100_Template\S-100_Template\bin\Debug\S-100_Template.dll
9/8/2017 5:16:30 PM, Info: Creating Archive C:\Bret SubervsionCode\vscode_crestron_code\S-100_ClassroomTemplate\S-100_Template\S-100_Template\bin\Debug\S-100_Template.cpz...
9/8/2017 5:16:31 PM, Info: Saving project information...
9/8/2017 5:44:13 PM, Info: Validating assembly C:\Bret SubervsionCode\vscode_crestron_code\S-100_ClassroomTemplate\S-100_Template\S-100_Template\bin\Debug\S-100_Template.dll...
9/8/2017 5:44:13 PM, Info: Verifying assembly C:\Bret SubervsionCode\vscode_crestron_code\S-100_ClassroomTemplate\S-100_Template\S-100_Template\bin\Debug\S-100_Template.dll
9/8/2017 5:44:14 PM, Info: Creating Archive C:\Bret SubervsionCode\vscode_crestron_code\S-100_ClassroomTemplate\S-100_Template\S-100_Template\bin\Debug\S-100_Template.cpz...
9/8/2017 5:44:14 PM, Info: Saving project information...
9/8/2017 6:03:30 PM, Info: Validating assembly C:\Bret SubervsionCode\vscode_crestron_code\S-100_ClassroomTemplate\S-100_Template\S-100_Template\bin\Debug\S-100_Template.dll...
9/8/2017 6:03:30 PM, Info: Verifying assembly C:\Bret SubervsionCode\vscode_crestron_code\S-100_ClassroomTemplate\S-100_Template\S-100_Template\bin\Debug\S-100_Template.dll
9/8/2017 6:03:30 PM, Info: Creating Archive C:\Bret SubervsionCode\vscode_crestron_code\S-100_ClassroomTemplate\S-100_Template\S-100_Template\bin\Debug\S-100_Template.cpz...
9/8/2017 6:03:31 PM, Info: Saving project information...
9/8/2017 6:08:39 PM, Info: Validating assembly C:\Bret SubervsionCode\vscode_crestron_code\S-100_ClassroomTemplate\S-100_Template\S-100_Template\bin\Debug\S-100_Template.dll...
9/8/2017 6:08:39 PM, Info: Verifying assembly C:\Bret SubervsionCode\vscode_crestron_code\S-100_ClassroomTemplate\S-100_Template\S-100_Template\bin\Debug\S-100_Template.dll
9/8/2017 6:08:39 PM, Info: Creating Archive C:\Bret SubervsionCode\vscode_crestron_code\S-100_ClassroomTemplate\S-100_Template\S-100_Template\bin\Debug\S-100_Template.cpz...
9/8/2017 6:08:40 PM, Info: Saving project information...
9/8/2017 6:21:05 PM, Info: Validating assembly C:\Bret SubervsionCode\vscode_crestron_code\S-100_ClassroomTemplate\S-100_Template\S-100_Template\bin\Debug\S-100_Template.dll...
9/8/2017 6:21:05 PM, Info: Verifying assembly C:\Bret SubervsionCode\vscode_crestron_code\S-100_ClassroomTemplate\S-100_Template\S-100_Template\bin\Debug\S-100_Template.dll
9/8/2017 6:21:05 PM, Info: Creating Archive C:\Bret SubervsionCode\vscode_crestron_code\S-100_ClassroomTemplate\S-100_Template\S-100_Template\bin\Debug\S-100_Template.cpz...
9/8/2017 6:21:06 PM, Info: Saving project information...
9/8/2017 6:28:03 PM, Info: Terminating SIMPLSharp Services
