3/20/2018 3:04:38 PM, Info: Initializing SIMPLSharp Services...
3/20/2018 3:04:39 PM, Info: ProjectInfo successfully initialized.
3/20/2018 3:17:45 PM, Info: Validating assembly C:\Bret SubervsionCode\vscode_crestron_code\S-100_ClassroomTemplate\S-100_Template\S-100_Template\bin\Debug\S-100_Template.dll...
3/20/2018 3:17:46 PM, Info: Verifying assembly C:\Bret SubervsionCode\vscode_crestron_code\S-100_ClassroomTemplate\S-100_Template\S-100_Template\bin\Debug\S-100_Template.dll
3/20/2018 3:17:46 PM, Info: Creating Archive C:\Bret SubervsionCode\vscode_crestron_code\S-100_ClassroomTemplate\S-100_Template\S-100_Template\bin\Debug\S-100_Template.cpz...
3/20/2018 3:17:47 PM, Info: Saving project information...
3/20/2018 3:42:24 PM, Info: Validating assembly C:\Bret SubervsionCode\vscode_crestron_code\S-100_ClassroomTemplate\S-100_Template\S-100_Template\bin\Debug\S-100_Template.dll...
3/20/2018 3:42:24 PM, Info: Verifying assembly C:\Bret SubervsionCode\vscode_crestron_code\S-100_ClassroomTemplate\S-100_Template\S-100_Template\bin\Debug\S-100_Template.dll
3/20/2018 3:42:24 PM, Info: Creating Archive C:\Bret SubervsionCode\vscode_crestron_code\S-100_ClassroomTemplate\S-100_Template\S-100_Template\bin\Debug\S-100_Template.cpz...
3/20/2018 3:42:25 PM, Info: Saving project information...
3/20/2018 4:12:06 PM, Info: Validating assembly C:\Bret SubervsionCode\vscode_crestron_code\S-100_ClassroomTemplate\S-100_Template\S-100_Template\bin\Debug\S-100_Template.dll...
3/20/2018 4:12:06 PM, Info: Verifying assembly C:\Bret SubervsionCode\vscode_crestron_code\S-100_ClassroomTemplate\S-100_Template\S-100_Template\bin\Debug\S-100_Template.dll
3/20/2018 4:12:06 PM, Info: Creating Archive C:\Bret SubervsionCode\vscode_crestron_code\S-100_ClassroomTemplate\S-100_Template\S-100_Template\bin\Debug\S-100_Template.cpz...
3/20/2018 4:12:07 PM, Info: Saving project information...
3/20/2018 4:17:03 PM, Info: Validating assembly C:\Bret SubervsionCode\vscode_crestron_code\S-100_ClassroomTemplate\S-100_Template\S-100_Template\bin\Debug\S-100_Template.dll...
3/20/2018 4:17:03 PM, Info: Verifying assembly C:\Bret SubervsionCode\vscode_crestron_code\S-100_ClassroomTemplate\S-100_Template\S-100_Template\bin\Debug\S-100_Template.dll
3/20/2018 4:17:04 PM, Info: Creating Archive C:\Bret SubervsionCode\vscode_crestron_code\S-100_ClassroomTemplate\S-100_Template\S-100_Template\bin\Debug\S-100_Template.cpz...
3/20/2018 4:17:04 PM, Info: Saving project information...
3/20/2018 4:26:51 PM, Info: Validating assembly C:\Bret SubervsionCode\vscode_crestron_code\S-100_ClassroomTemplate\S-100_Template\S-100_Template\bin\Debug\S-100_Template.dll...
3/20/2018 4:26:51 PM, Info: Verifying assembly C:\Bret SubervsionCode\vscode_crestron_code\S-100_ClassroomTemplate\S-100_Template\S-100_Template\bin\Debug\S-100_Template.dll
3/20/2018 4:26:51 PM, Info: Creating Archive C:\Bret SubervsionCode\vscode_crestron_code\S-100_ClassroomTemplate\S-100_Template\S-100_Template\bin\Debug\S-100_Template.cpz...
3/20/2018 4:26:52 PM, Info: Saving project information...
3/20/2018 4:33:13 PM, Info: Validating assembly C:\Bret SubervsionCode\vscode_crestron_code\S-100_ClassroomTemplate\S-100_Template\S-100_Template\bin\Debug\S-100_Template.dll...
3/20/2018 4:33:13 PM, Info: Verifying assembly C:\Bret SubervsionCode\vscode_crestron_code\S-100_ClassroomTemplate\S-100_Template\S-100_Template\bin\Debug\S-100_Template.dll
3/20/2018 4:33:13 PM, Info: Creating Archive C:\Bret SubervsionCode\vscode_crestron_code\S-100_ClassroomTemplate\S-100_Template\S-100_Template\bin\Debug\S-100_Template.cpz...
3/20/2018 4:33:14 PM, Info: Saving project information...
3/20/2018 4:33:30 PM, Info: Validating assembly C:\Bret SubervsionCode\vscode_crestron_code\S-100_ClassroomTemplate\S-100_Template\S-100_Template\bin\Debug\S-100_Template.dll...
3/20/2018 4:33:30 PM, Info: Verifying assembly C:\Bret SubervsionCode\vscode_crestron_code\S-100_ClassroomTemplate\S-100_Template\S-100_Template\bin\Debug\S-100_Template.dll
3/20/2018 4:33:30 PM, Info: Creating Archive C:\Bret SubervsionCode\vscode_crestron_code\S-100_ClassroomTemplate\S-100_Template\S-100_Template\bin\Debug\S-100_Template.cpz...
3/20/2018 4:33:31 PM, Info: Saving project information...
3/20/2018 4:34:16 PM, Info: Validating assembly C:\Bret SubervsionCode\vscode_crestron_code\S-100_ClassroomTemplate\S-100_Template\S-100_Template\bin\Debug\S-100_Template.dll...
3/20/2018 4:34:16 PM, Info: Verifying assembly C:\Bret SubervsionCode\vscode_crestron_code\S-100_ClassroomTemplate\S-100_Template\S-100_Template\bin\Debug\S-100_Template.dll
3/20/2018 4:34:16 PM, Info: Creating Archive C:\Bret SubervsionCode\vscode_crestron_code\S-100_ClassroomTemplate\S-100_Template\S-100_Template\bin\Debug\S-100_Template.cpz...
3/20/2018 4:34:17 PM, Info: Saving project information...
3/20/2018 4:35:51 PM, Info: Validating assembly C:\Bret SubervsionCode\vscode_crestron_code\S-100_ClassroomTemplate\S-100_Template\S-100_Template\bin\Debug\S-100_Template.dll...
3/20/2018 4:35:52 PM, Info: Verifying assembly C:\Bret SubervsionCode\vscode_crestron_code\S-100_ClassroomTemplate\S-100_Template\S-100_Template\bin\Debug\S-100_Template.dll
3/20/2018 4:35:52 PM, Info: Creating Archive C:\Bret SubervsionCode\vscode_crestron_code\S-100_ClassroomTemplate\S-100_Template\S-100_Template\bin\Debug\S-100_Template.cpz...
3/20/2018 4:35:53 PM, Info: Saving project information...
3/20/2018 5:51:35 PM, Info: Validating assembly C:\Bret SubervsionCode\vscode_crestron_code\S-100_ClassroomTemplate\S-100_Template\S-100_Template\bin\Debug\S-100_Template.dll...
3/20/2018 5:51:36 PM, Info: Verifying assembly C:\Bret SubervsionCode\vscode_crestron_code\S-100_ClassroomTemplate\S-100_Template\S-100_Template\bin\Debug\S-100_Template.dll
3/20/2018 5:51:36 PM, Info: Creating Archive C:\Bret SubervsionCode\vscode_crestron_code\S-100_ClassroomTemplate\S-100_Template\S-100_Template\bin\Debug\S-100_Template.cpz...
3/20/2018 5:51:36 PM, Info: Saving project information...
3/20/2018 5:57:57 PM, Info: Terminating SIMPLSharp Services
