3/21/2018 11:46:38 AM, Info: Initializing SIMPLSharp Services...
3/21/2018 11:46:39 AM, Info: ProjectInfo successfully initialized.
3/21/2018 12:51:42 PM, Info: Validating assembly C:\Bret SubervsionCode\vscode_crestron_code\S-100_ClassroomTemplate\S-100_Template\S-100_Template\bin\Debug\S-100_Template.dll...
3/21/2018 12:51:43 PM, Info: Verifying assembly C:\Bret SubervsionCode\vscode_crestron_code\S-100_ClassroomTemplate\S-100_Template\S-100_Template\bin\Debug\S-100_Template.dll
3/21/2018 12:51:43 PM, Info: Creating Archive C:\Bret SubervsionCode\vscode_crestron_code\S-100_ClassroomTemplate\S-100_Template\S-100_Template\bin\Debug\S-100_Template.cpz...
3/21/2018 12:51:44 PM, Info: Saving project information...
3/21/2018 3:01:23 PM, Info: Validating assembly C:\Bret SubervsionCode\vscode_crestron_code\S-100_ClassroomTemplate\S-100_Template\S-100_Template\bin\Debug\S-100_Template.dll...
3/21/2018 3:01:24 PM, Info: Verifying assembly C:\Bret SubervsionCode\vscode_crestron_code\S-100_ClassroomTemplate\S-100_Template\S-100_Template\bin\Debug\S-100_Template.dll
3/21/2018 3:01:24 PM, Info: Creating Archive C:\Bret SubervsionCode\vscode_crestron_code\S-100_ClassroomTemplate\S-100_Template\S-100_Template\bin\Debug\S-100_Template.cpz...
3/21/2018 3:01:25 PM, Info: Saving project information...
3/21/2018 3:47:52 PM, Info: Validating assembly C:\Bret SubervsionCode\vscode_crestron_code\S-100_ClassroomTemplate\S-100_Template\S-100_Template\bin\Debug\S-100_Template.dll...
3/21/2018 3:47:52 PM, Info: Verifying assembly C:\Bret SubervsionCode\vscode_crestron_code\S-100_ClassroomTemplate\S-100_Template\S-100_Template\bin\Debug\S-100_Template.dll
3/21/2018 3:47:52 PM, Info: Creating Archive C:\Bret SubervsionCode\vscode_crestron_code\S-100_ClassroomTemplate\S-100_Template\S-100_Template\bin\Debug\S-100_Template.cpz...
3/21/2018 3:47:53 PM, Info: Saving project information...
3/21/2018 3:51:28 PM, Info: Validating assembly C:\Bret SubervsionCode\vscode_crestron_code\S-100_ClassroomTemplate\S-100_Template\S-100_Template\bin\Debug\S-100_Template.dll...
3/21/2018 3:51:29 PM, Info: Verifying assembly C:\Bret SubervsionCode\vscode_crestron_code\S-100_ClassroomTemplate\S-100_Template\S-100_Template\bin\Debug\S-100_Template.dll
3/21/2018 3:51:29 PM, Info: Creating Archive C:\Bret SubervsionCode\vscode_crestron_code\S-100_ClassroomTemplate\S-100_Template\S-100_Template\bin\Debug\S-100_Template.cpz...
3/21/2018 3:51:30 PM, Info: Saving project information...
3/21/2018 3:54:29 PM, Info: Validating assembly C:\Bret SubervsionCode\vscode_crestron_code\S-100_ClassroomTemplate\S-100_Template\S-100_Template\bin\Debug\S-100_Template.dll...
3/21/2018 3:54:30 PM, Info: Verifying assembly C:\Bret SubervsionCode\vscode_crestron_code\S-100_ClassroomTemplate\S-100_Template\S-100_Template\bin\Debug\S-100_Template.dll
3/21/2018 3:54:30 PM, Info: Creating Archive C:\Bret SubervsionCode\vscode_crestron_code\S-100_ClassroomTemplate\S-100_Template\S-100_Template\bin\Debug\S-100_Template.cpz...
3/21/2018 3:54:31 PM, Info: Saving project information...
3/21/2018 6:15:22 PM, Info: Terminating SIMPLSharp Services
